<?xml version="1.0" encoding="UTF-8"?>
<!-- Generated by org.testng.reporters.JUnitReportReporter -->
<testsuite hostname="DESKTOP-KQHO31F" failures="0" tests="3" name="testngbasics.A_188_Crossbrowser_5TC" time="36.177" errors="0" timestamp="2024-08-06T19:27:03 IST" skipped="0">
  <testcase classname="testngbasics.A_188_Crossbrowser_5TC" name="testcase1" time="17.763"/>
  <system-out/>
  <testcase classname="testngbasics.A_188_Crossbrowser_5TC" name="testcase1" time="8.448"/>
  <system-out/>
  <testcase classname="testngbasics.A_188_Crossbrowser_5TC" name="testcase1" time="9.966"/>
  <system-out/>
</testsuite> <!-- testngbasics.A_188_Crossbrowser_5TC -->
