<?xml version="1.0" encoding="UTF-8"?>
<!-- Generated by org.testng.reporters.JUnitReportReporter -->
<testsuite hostname="DESKTOP-KQHO31F" failures="0" tests="1" name="Amazon_Test.TestCaseRegister" time="22.986" errors="0" timestamp="2024-08-24T14:37:34 IST" skipped="0">
  <testcase classname="Amazon_Test.TestCaseRegister" name="Registration" time="22.986"/>
  <system-out/>
</testsuite> <!-- Amazon_Test.TestCaseRegister -->
