<?xml version="1.0" encoding="UTF-8"?>
<!-- Generated by org.testng.reporters.JUnitReportReporter -->
<testsuite hostname="DESKTOP-KQHO31F" failures="0" tests="1" name="Amazon_Test.TestCaseSorting_8" time="34.414" errors="0" timestamp="2024-08-27T14:23:34 IST" skipped="0">
  <testcase classname="Amazon_Test.TestCaseSorting_8" name="sortingprice_reviews" time="34.414"/>
  <system-out/>
</testsuite> <!-- Amazon_Test.TestCaseSorting_8 -->
