<?xml version="1.0" encoding="UTF-8"?>
<!-- Generated by org.testng.reporters.JUnitReportReporter -->
<testsuite hostname="DESKTOP-KQHO31F" failures="0" tests="1" name="Amazon_Test.TestCase_cart_withoutlogin_15" time="27.568" errors="0" timestamp="2024-08-26T22:23:57 IST" skipped="0">
  <testcase classname="Amazon_Test.TestCase_cart_withoutlogin_15" name="addtocart" time="27.568"/>
  <system-out/>
</testsuite> <!-- Amazon_Test.TestCase_cart_withoutlogin_15 -->
