<?xml version="1.0" encoding="UTF-8"?>
<!-- Generated by org.testng.reporters.JUnitReportReporter -->
<testsuite hostname="DESKTOP-KQHO31F" failures="0" tests="1" name="Testcases_Assertions.WrongUN_WrongPW" time="9.262" errors="0" timestamp="2024-08-12T10:55:37 IST" skipped="0">
  <testcase classname="Testcases_Assertions.WrongUN_WrongPW" name="testcase" time="9.262"/>
  <system-out/>
</testsuite> <!-- Testcases_Assertions.WrongUN_WrongPW -->
