<?xml version="1.0" encoding="UTF-8"?>
<!-- Generated by org.testng.reporters.JUnitReportReporter -->
<testsuite hostname="DESKTOP-KQHO31F" failures="0" tests="2" name="testngbasics.A_185_BM_TC1_TC2_AM" time="0.042" errors="0" timestamp="2024-08-05T15:26:47 IST" skipped="0">
  <testcase classname="testngbasics.A_185_BM_TC1_TC2_AM" name="testcase2" time="0.024"/>
  <system-out/>
  <testcase classname="testngbasics.A_185_BM_TC1_TC2_AM" name="testcase1" time="0.018"/>
  <system-out/>
</testsuite> <!-- testngbasics.A_185_BM_TC1_TC2_AM -->
