<?xml version="1.0" encoding="UTF-8"?>
<!-- Generated by org.testng.reporters.JUnitReportReporter -->
<testsuite hostname="DESKTOP-KQHO31F" failures="0" tests="1" name="testngbasics.FirstTesting" time="0.059" errors="0" timestamp="2024-08-02T19:05:15 IST" skipped="0">
  <testcase classname="testngbasics.FirstTesting" name="registration" time="0.059"/>
  <system-out/>
</testsuite> <!-- testngbasics.FirstTesting -->
