<?xml version="1.0" encoding="UTF-8"?>
<!-- Generated by org.testng.reporters.JUnitReportReporter -->
<testsuite hostname="DESKTOP-KQHO31F" failures="0" tests="3" name="testngbasics.A_188_TC1" time="91.547" errors="0" timestamp="2024-08-06T21:21:55 IST" skipped="0">
  <testcase classname="testngbasics.A_188_TC1" name="shoe" time="25.922"/>
  <system-out/>
  <testcase classname="testngbasics.A_188_TC1" name="shoe" time="39.970"/>
  <system-out/>
  <testcase classname="testngbasics.A_188_TC1" name="shoe" time="25.655"/>
  <system-out/>
</testsuite> <!-- testngbasics.A_188_TC1 -->
