<?xml version="1.0" encoding="UTF-8"?>
<!-- Generated by org.testng.reporters.JUnitReportReporter -->
<testsuite hostname="DESKTOP-KQHO31F" failures="0" tests="3" name="testngbasics.A_188_TC4" time="58.440" errors="0" timestamp="2024-08-06T21:21:55 IST" skipped="0">
  <testcase classname="testngbasics.A_188_TC4" name="laptop" time="20.841"/>
  <system-out/>
  <testcase classname="testngbasics.A_188_TC4" name="laptop" time="18.411"/>
  <system-out/>
  <testcase classname="testngbasics.A_188_TC4" name="laptop" time="19.188"/>
  <system-out/>
</testsuite> <!-- testngbasics.A_188_TC4 -->
