<?xml version="1.0" encoding="UTF-8"?>
<!-- Generated by org.testng.reporters.JUnitReportReporter -->
<testsuite hostname="DESKTOP-KQHO31F" failures="0" tests="1" name="Assertions.A_195_Launch_Google" time="17.824" errors="0" timestamp="2024-08-12T10:14:41 IST" skipped="0">
  <testcase classname="Assertions.A_195_Launch_Google" name="testcase1" time="17.824"/>
  <system-out/>
</testsuite> <!-- Assertions.A_195_Launch_Google -->
