<?xml version="1.0" encoding="UTF-8"?>
<!-- Generated by org.testng.reporters.JUnitReportReporter -->
<testsuite hostname="DESKTOP-KQHO31F" failures="0" tests="2" name="testngbasics.A_186_2Tests_AllAnnotations" time="0.029" errors="0" timestamp="2024-08-05T15:35:14 IST" skipped="0">
  <testcase classname="testngbasics.A_186_2Tests_AllAnnotations" name="test_case" time="0.007"/>
  <system-out/>
  <testcase classname="testngbasics.A_186_2Tests_AllAnnotations" name="Test" time="0.022"/>
  <system-out/>
</testsuite> <!-- testngbasics.A_186_2Tests_AllAnnotations -->
