<?xml version="1.0" encoding="UTF-8"?>
<!-- Generated by org.testng.reporters.JUnitReportReporter -->
<testsuite hostname="DESKTOP-KQHO31F" failures="0" tests="1" name="Amazon_Test.TestCase_Applycoupon_13" time="66.810" errors="0" timestamp="2024-08-27T13:24:14 IST" skipped="0">
  <testcase classname="Amazon_Test.TestCase_Applycoupon_13" name="addtocart" time="66.810"/>
  <system-out/>
</testsuite> <!-- Amazon_Test.TestCase_Applycoupon_13 -->
