<?xml version="1.0" encoding="UTF-8"?>
<!-- Generated by org.testng.reporters.JUnitReportReporter -->
<testsuite hostname="DESKTOP-KQHO31F" failures="0" tests="1" name="Amazon_Test.TestCase3loginfail" time="26.417" errors="0" timestamp="2024-08-23T19:10:16 IST" skipped="0">
  <testcase classname="Amazon_Test.TestCase3loginfail" name="login_to_amazon" time="26.417"/>
  <system-out/>
</testsuite> <!-- Amazon_Test.TestCase3loginfail -->
