<?xml version="1.0" encoding="UTF-8"?>
<!-- Generated by org.testng.reporters.JUnitReportReporter -->
<testsuite hostname="DESKTOP-KQHO31F" failures="0" tests="1" name="Amazon_Test.TestCaseEditprofile_4" time="49.076" errors="0" timestamp="2024-08-27T13:17:19 IST" skipped="0">
  <testcase classname="Amazon_Test.TestCaseEditprofile_4" name="Editprofile" time="49.076"/>
  <system-out/>
</testsuite> <!-- Amazon_Test.TestCaseEditprofile_4 -->
