<?xml version="1.0" encoding="UTF-8"?>
<!-- Generated by org.testng.reporters.JUnitReportReporter -->
<testsuite hostname="DESKTOP-KQHO31F" failures="0" tests="3" name="testngbasics.A_188_TC2" time="62.496" errors="0" timestamp="2024-08-06T21:21:55 IST" skipped="0">
  <testcase classname="testngbasics.A_188_TC2" name="mobiles" time="18.297"/>
  <system-out/>
  <testcase classname="testngbasics.A_188_TC2" name="mobiles" time="27.980"/>
  <system-out/>
  <testcase classname="testngbasics.A_188_TC2" name="mobiles" time="16.219"/>
  <system-out/>
</testsuite> <!-- testngbasics.A_188_TC2 -->
