<?xml version="1.0" encoding="UTF-8"?>
<!-- Generated by org.testng.reporters.JUnitReportReporter -->
<testsuite hostname="DESKTOP-KQHO31F" failures="0" tests="1" name="Amazon_Test.TestCase_Addtocart_9" time="45.460" errors="0" timestamp="2024-08-28T14:13:15 IST" skipped="0">
  <testcase classname="Amazon_Test.TestCase_Addtocart_9" name="addtocart" time="45.460"/>
  <system-out>
    <![CDATA[Testcase is pass]]>
  </system-out>
</testsuite> <!-- Amazon_Test.TestCase_Addtocart_9 -->
