<?xml version="1.0" encoding="UTF-8"?>
<!-- Generated by org.testng.reporters.JUnitReportReporter -->
<testsuite hostname="DESKTOP-KQHO31F" failures="0" tests="1" name="Amazon_Test.TestCase5search" time="18.234" errors="0" timestamp="2024-08-24T14:53:41 IST" skipped="0">
  <testcase classname="Amazon_Test.TestCase5search" name="searchresults" time="18.234"/>
  <system-out/>
</testsuite> <!-- Amazon_Test.TestCase5search -->
