<?xml version="1.0" encoding="UTF-8"?>
<!-- Generated by org.testng.reporters.JUnitReportReporter -->
<testsuite hostname="DESKTOP-KQHO31F" failures="0" tests="3" name="testngbasics.A_188_TC5" time="58.311" errors="0" timestamp="2024-08-06T21:21:54 IST" skipped="0">
  <testcase classname="testngbasics.A_188_TC5" name="toys" time="17.223"/>
  <system-out/>
  <testcase classname="testngbasics.A_188_TC5" name="toys" time="22.262"/>
  <system-out/>
  <testcase classname="testngbasics.A_188_TC5" name="toys" time="18.826"/>
  <system-out/>
</testsuite> <!-- testngbasics.A_188_TC5 -->
