<?xml version="1.0" encoding="UTF-8"?>
<!-- Generated by org.testng.reporters.JUnitReportReporter -->
<testsuite hostname="DESKTOP-KQHO31F" failures="0" tests="1" name="testngbasics.A_184_Annotation_BSBMAMAS" time="0.020" errors="0" timestamp="2024-08-05T15:18:52 IST" skipped="0">
  <testcase classname="testngbasics.A_184_Annotation_BSBMAMAS" name="test" time="0.020"/>
  <system-out/>
</testsuite> <!-- testngbasics.A_184_Annotation_BSBMAMAS -->
