<?xml version="1.0" encoding="UTF-8"?>
<!-- Generated by org.testng.reporters.JUnitReportReporter -->
<testsuite hostname="DESKTOP-KQHO31F" failures="0" tests="10" name="Data_Provider_Annotations.DataAnnotations_Google_10data" time="430.920" errors="0" timestamp="2024-08-10T17:34:54 IST" skipped="0">
  <testcase classname="Data_Provider_Annotations.DataAnnotations_Google_10data" name="google_search" time="15.235"/>
  <system-out/>
  <testcase classname="Data_Provider_Annotations.DataAnnotations_Google_10data" name="google_search" time="177.995"/>
  <system-out/>
  <testcase classname="Data_Provider_Annotations.DataAnnotations_Google_10data" name="google_search" time="35.461"/>
  <system-out/>
  <testcase classname="Data_Provider_Annotations.DataAnnotations_Google_10data" name="google_search" time="17.510"/>
  <system-out/>
  <testcase classname="Data_Provider_Annotations.DataAnnotations_Google_10data" name="google_search" time="14.838"/>
  <system-out/>
  <testcase classname="Data_Provider_Annotations.DataAnnotations_Google_10data" name="google_search" time="35.493"/>
  <system-out/>
  <testcase classname="Data_Provider_Annotations.DataAnnotations_Google_10data" name="google_search" time="25.648"/>
  <system-out/>
  <testcase classname="Data_Provider_Annotations.DataAnnotations_Google_10data" name="google_search" time="34.437"/>
  <system-out/>
  <testcase classname="Data_Provider_Annotations.DataAnnotations_Google_10data" name="google_search" time="54.353"/>
  <system-out/>
  <testcase classname="Data_Provider_Annotations.DataAnnotations_Google_10data" name="google_search" time="19.950"/>
  <system-out/>
</testsuite> <!-- Data_Provider_Annotations.DataAnnotations_Google_10data -->
