<?xml version="1.0" encoding="UTF-8"?>
<!-- Generated by org.testng.reporters.JUnitReportReporter -->
<testsuite hostname="DESKTOP-KQHO31F" failures="0" tests="3" name="Data_Provider_Annotations.DataProvider_Annotations" time="0.028" errors="0" timestamp="2024-08-10T16:32:37 IST" skipped="0">
  <testcase classname="Data_Provider_Annotations.DataProvider_Annotations" name="testcase1" time="0.002"/>
  <system-out/>
  <testcase classname="Data_Provider_Annotations.DataProvider_Annotations" name="testcase1" time="0.019"/>
  <system-out/>
  <testcase classname="Data_Provider_Annotations.DataProvider_Annotations" name="testcase1" time="0.007"/>
  <system-out/>
</testsuite> <!-- Data_Provider_Annotations.DataProvider_Annotations -->
