<?xml version="1.0" encoding="UTF-8"?>
<!-- Generated by org.testng.reporters.JUnitReportReporter -->
<testsuite hostname="DESKTOP-KQHO31F" failures="0" tests="1" name="Assertions.A_196_AmazonSearch" time="17.491" errors="0" timestamp="2024-08-12T12:33:16 IST" skipped="0">
  <testcase classname="Assertions.A_196_AmazonSearch" name="testcase" time="17.491"/>
  <system-out/>
</testsuite> <!-- Assertions.A_196_AmazonSearch -->
