<?xml version="1.0" encoding="UTF-8"?>
<!-- Generated by org.testng.reporters.JUnitReportReporter -->
<testsuite hostname="DESKTOP-KQHO31F" failures="0" tests="1" name="Amazon_Test.TestCase3Register" time="25.600" errors="0" timestamp="2024-08-23T18:42:29 IST" skipped="0">
  <testcase classname="Amazon_Test.TestCase3Register" name="Registration" time="25.600"/>
  <system-out/>
</testsuite> <!-- Amazon_Test.TestCase3Register -->
