<?xml version="1.0" encoding="UTF-8"?>
<!-- Generated by org.testng.reporters.JUnitReportReporter -->
<testsuite hostname="DESKTOP-KQHO31F" failures="0" tests="1" name="Amazon_Test.TestCaseProductDetailpage_7" time="40.353" errors="0" timestamp="2024-08-28T10:19:44 IST" skipped="0">
  <testcase classname="Amazon_Test.TestCaseProductDetailpage_7" name="ProductDetailPage_7" time="40.353"/>
  <system-out/>
</testsuite> <!-- Amazon_Test.TestCaseProductDetailpage_7 -->
