<?xml version="1.0" encoding="UTF-8"?>
<!-- Generated by org.testng.reporters.JUnitReportReporter -->
<testsuite hostname="DESKTOP-KQHO31F" failures="0" tests="1" name="Testcases_Assertions.TC1_RightUNO_RightPW" time="12.864" errors="0" timestamp="2024-08-12T10:41:24 IST" skipped="0">
  <testcase classname="Testcases_Assertions.TC1_RightUNO_RightPW" name="testcase" time="12.864"/>
  <system-out/>
</testsuite> <!-- Testcases_Assertions.TC1_RightUNO_RightPW -->
