<?xml version="1.0" encoding="UTF-8"?>
<!-- Generated by org.testng.reporters.JUnitReportReporter -->
<testsuite hostname="DESKTOP-KQHO31F" failures="0" tests="10" name="testngbasics.A_181_invocationCount" time="175.651" errors="0" timestamp="2024-08-05T14:04:41 IST" skipped="0">
  <testcase classname="testngbasics.A_181_invocationCount" name="testcase1" time="26.852"/>
  <system-out/>
  <testcase classname="testngbasics.A_181_invocationCount" name="testcase1" time="9.999"/>
  <system-out/>
  <testcase classname="testngbasics.A_181_invocationCount" name="testcase1" time="17.625"/>
  <system-out/>
  <testcase classname="testngbasics.A_181_invocationCount" name="testcase1" time="21.613"/>
  <system-out/>
  <testcase classname="testngbasics.A_181_invocationCount" name="testcase1" time="9.236"/>
  <system-out/>
  <testcase classname="testngbasics.A_181_invocationCount" name="testcase1" time="13.876"/>
  <system-out/>
  <testcase classname="testngbasics.A_181_invocationCount" name="testcase1" time="18.914"/>
  <system-out/>
  <testcase classname="testngbasics.A_181_invocationCount" name="testcase1" time="21.858"/>
  <system-out/>
  <testcase classname="testngbasics.A_181_invocationCount" name="testcase1" time="11.960"/>
  <system-out/>
  <testcase classname="testngbasics.A_181_invocationCount" name="testcase1" time="23.718"/>
  <system-out/>
</testsuite> <!-- testngbasics.A_181_invocationCount -->
