<?xml version="1.0" encoding="UTF-8"?>
<!-- Generated by org.testng.reporters.JUnitReportReporter -->
<testsuite hostname="DESKTOP-KQHO31F" failures="0" tests="1" name="pom_TestCase.FB_Searchfriend" time="51.045" errors="0" timestamp="2024-08-25T12:50:45 IST" skipped="0">
  <testcase classname="pom_TestCase.FB_Searchfriend" name="login" time="51.045"/>
  <system-out/>
</testsuite> <!-- pom_TestCase.FB_Searchfriend -->
