<?xml version="1.0" encoding="UTF-8"?>
<!-- Generated by org.testng.reporters.JUnitReportReporter -->
<testsuite hostname="DESKTOP-KQHO31F" failures="0" tests="1" name="Amazon_Test.TestCase6SearchFilter" time="27.597" errors="0" timestamp="2024-08-27T11:50:08 IST" skipped="0">
  <testcase classname="Amazon_Test.TestCase6SearchFilter" name="searchresults" time="27.597"/>
  <system-out/>
</testsuite> <!-- Amazon_Test.TestCase6SearchFilter -->
