<?xml version="1.0" encoding="UTF-8"?>
<!-- Generated by org.testng.reporters.JUnitReportReporter -->
<testsuite hostname="DESKTOP-KQHO31F" failures="0" tests="1" name="Amazon_Test.TestCase1" time="16.423" errors="0" timestamp="2024-08-23T12:16:59 IST" skipped="0">
  <testcase classname="Amazon_Test.TestCase1" name="login_to_amazon" time="16.423"/>
  <system-out/>
</testsuite> <!-- Amazon_Test.TestCase1 -->
