<?xml version="1.0" encoding="UTF-8"?>
<!-- Generated by org.testng.reporters.JUnitReportReporter -->
<testsuite hostname="DESKTOP-KQHO31F" failures="0" tests="1" name="Assertions.FBLogin_Assertions" time="7.192" errors="0" timestamp="2024-08-12T10:32:48 IST" skipped="0">
  <testcase classname="Assertions.FBLogin_Assertions" name="testcase" time="7.192"/>
  <system-out/>
</testsuite> <!-- Assertions.FBLogin_Assertions -->
