<?xml version="1.0" encoding="UTF-8"?>
<!-- Generated by org.testng.reporters.JUnitReportReporter -->
<testsuite hostname="DESKTOP-KQHO31F" failures="0" tests="3" name="testngbasics.A_187_TC2" time="53.108" errors="0" timestamp="2024-08-06T21:57:47 IST" skipped="0">
  <testcase classname="testngbasics.A_187_TC2" name="mobiles" time="17.571"/>
  <system-out/>
  <testcase classname="testngbasics.A_187_TC2" name="mobiles" time="18.561"/>
  <system-out/>
  <testcase classname="testngbasics.A_187_TC2" name="mobiles" time="16.976"/>
  <system-out/>
</testsuite> <!-- testngbasics.A_187_TC2 -->
