<?xml version="1.0" encoding="UTF-8"?>
<!-- Generated by org.testng.reporters.JUnitReportReporter -->
<testsuite hostname="DESKTOP-KQHO31F" failures="0" tests="1" name="Amazon_Test.TestCase2Home" time="28.208" errors="0" timestamp="2024-08-23T18:45:16 IST" skipped="0">
  <testcase classname="Amazon_Test.TestCase2Home" name="search_product" time="28.208"/>
  <system-out/>
</testsuite> <!-- Amazon_Test.TestCase2Home -->
