<?xml version="1.0" encoding="UTF-8"?>
<!-- Generated by org.testng.reporters.JUnitReportReporter -->
<testsuite hostname="DESKTOP-KQHO31F" failures="0" tests="1" name="Assertions.A_198_Amazon_Login" time="19.577" errors="0" timestamp="2024-08-12T07:10:50 IST" skipped="0">
  <testcase classname="Assertions.A_198_Amazon_Login" name="Method" time="19.577"/>
  <system-out/>
</testsuite> <!-- Assertions.A_198_Amazon_Login -->
