<?xml version="1.0" encoding="UTF-8"?>
<!-- Generated by org.testng.reporters.JUnitReportReporter -->
<testsuite hostname="DESKTOP-KQHO31F" failures="0" tests="2" name="Data_Provider_Annotations.FBLogin_Multidimentional" time="13.237" errors="0" timestamp="2024-08-11T15:57:29 IST" skipped="0">
  <testcase classname="Data_Provider_Annotations.FBLogin_Multidimentional" name="login_FB" time="5.068"/>
  <system-out/>
  <testcase classname="Data_Provider_Annotations.FBLogin_Multidimentional" name="login_FB" time="8.169"/>
  <system-out/>
</testsuite> <!-- Data_Provider_Annotations.FBLogin_Multidimentional -->
