<?xml version="1.0" encoding="UTF-8"?>
<!-- Generated by org.testng.reporters.JUnitReportReporter -->
<testsuite hostname="DESKTOP-KQHO31F" failures="0" tests="1" name="testngbasics.TestCase1" time="7.273" errors="0" timestamp="2024-08-02T18:47:01 IST" skipped="0">
  <testcase classname="testngbasics.TestCase1" name="login" time="7.273"/>
  <system-out/>
</testsuite> <!-- testngbasics.TestCase1 -->
