<?xml version="1.0" encoding="UTF-8"?>
<!-- Generated by org.testng.reporters.JUnitReportReporter -->
<testsuite hostname="DESKTOP-KQHO31F" failures="0" tests="1" name="pom_TestCase.POM_TC1" time="9.153" errors="0" timestamp="2024-08-22T15:19:56 IST" skipped="0">
  <testcase classname="pom_TestCase.POM_TC1" name="login" time="9.153"/>
  <system-out/>
</testsuite> <!-- pom_TestCase.POM_TC1 -->
