<?xml version="1.0" encoding="UTF-8"?>
<!-- Generated by org.testng.reporters.JUnitReportReporter -->
<testsuite hostname="DESKTOP-KQHO31F" failures="0" tests="3" name="testngbasics.A_188_TC3" time="55.623" errors="0" timestamp="2024-08-06T21:21:54 IST" skipped="0">
  <testcase classname="testngbasics.A_188_TC3" name="shoe" time="16.423"/>
  <system-out/>
  <testcase classname="testngbasics.A_188_TC3" name="shoe" time="18.169"/>
  <system-out/>
  <testcase classname="testngbasics.A_188_TC3" name="shoe" time="21.031"/>
  <system-out/>
</testsuite> <!-- testngbasics.A_188_TC3 -->
