<?xml version="1.0" encoding="UTF-8"?>
<!-- Generated by org.testng.reporters.JUnitReportReporter -->
<testsuite hostname="DESKTOP-KQHO31F" failures="0" tests="1" name="testngbasics.TestCase4" time="0.014" errors="0" timestamp="2024-08-02T18:47:01 IST" skipped="0">
  <testcase classname="testngbasics.TestCase4" name="login_Search_Wishlist_Cart" time="0.014"/>
  <system-out/>
</testsuite> <!-- testngbasics.TestCase4 -->
