<?xml version="1.0" encoding="UTF-8"?>
<!-- Generated by org.testng.reporters.JUnitReportReporter -->
<testsuite hostname="DESKTOP-KQHO31F" failures="0" tests="2" name="testngbasics.A_183_Annotations_All" time="0.034" errors="0" timestamp="2024-08-05T15:33:02 IST" skipped="0">
  <testcase classname="testngbasics.A_183_Annotations_All" name="test_case" time="0.011"/>
  <system-out/>
  <testcase classname="testngbasics.A_183_Annotations_All" name="Test" time="0.023"/>
  <system-out/>
</testsuite> <!-- testngbasics.A_183_Annotations_All -->
