<?xml version="1.0" encoding="UTF-8"?>
<!-- Generated by org.testng.reporters.JUnitReportReporter -->
<testsuite hostname="DESKTOP-KQHO31F" failures="0" tests="2" name="Amazon_Test.TestCase1login" time="43.489" errors="0" timestamp="2024-08-26T18:44:46 IST" skipped="1">
  <testcase classname="Amazon_Test.TestCase1login" name="login_to_amazon" time="15.916">
    <skipped/>
  </testcase> <!-- login_to_amazon -->
  <system-out/>
  <testcase classname="Amazon_Test.TestCase1login" name="login_to_amazon" time="27.573"/>
  <system-out/>
</testsuite> <!-- Amazon_Test.TestCase1login -->
