<?xml version="1.0" encoding="UTF-8"?>
<!-- Generated by org.testng.reporters.JUnitReportReporter -->
<testsuite hostname="DESKTOP-KQHO31F" failures="0" tests="4" name="testngbasics.Priority_invocationCount" time="30.601" errors="0" timestamp="2024-08-05T14:42:44 IST" skipped="0">
  <testcase classname="testngbasics.Priority_invocationCount" name="add" time="0.023"/>
  <system-out/>
  <testcase classname="testngbasics.Priority_invocationCount" name="testcase1" time="10.944"/>
  <system-out/>
  <testcase classname="testngbasics.Priority_invocationCount" name="testcase1" time="10.002"/>
  <system-out/>
  <testcase classname="testngbasics.Priority_invocationCount" name="testcase1" time="9.632"/>
  <system-out/>
</testsuite> <!-- testngbasics.Priority_invocationCount -->
