<?xml version="1.0" encoding="UTF-8"?>
<!-- Generated by org.testng.reporters.JUnitReportReporter -->
<testsuite hostname="DESKTOP-KQHO31F" failures="0" tests="1" name="testngbasics.A_182_enabled_FALSE" time="9.864" errors="0" timestamp="2024-08-05T14:13:02 IST" skipped="0">
  <testcase classname="testngbasics.A_182_enabled_FALSE" name="testcase2" time="9.864"/>
  <system-out/>
</testsuite> <!-- testngbasics.A_182_enabled_FALSE -->
