<?xml version="1.0" encoding="UTF-8"?>
<!-- Generated by org.testng.reporters.JUnitReportReporter -->
<testsuite hostname="DESKTOP-KQHO31F" failures="0" tests="1" name="Amazon_Test.TestCaseAddRemovecart_10" time="44.732" errors="0" timestamp="2024-08-26T18:33:38 IST" skipped="0">
  <testcase classname="Amazon_Test.TestCaseAddRemovecart_10" name="addremovecart" time="44.732"/>
  <system-out/>
</testsuite> <!-- Amazon_Test.TestCaseAddRemovecart_10 -->
